Arguments: 
  D:\sf\nodejs\node.exe D:\sf\yarn\bin\yarn.js run start

PATH: 
  D:\sf\anaconda;D:\sf\anaconda\Library\mingw-w64\bin;D:\sf\anaconda\Library\usr\bin;D:\sf\anaconda\Library\bin;D:\sf\anaconda\Scripts;D:\sf\anaconda\bin;C:\WINDOWS\system32;C:\WINDOWS;C:\WINDOWS\System32\Wbem;C:\WINDOWS\System32\WindowsPowerShell\v1.0\;D:\sf\Git\cmd;D:\sf\nvm;D:\sf\nodejs;D:\sf\yarn\bin\;\bin;C:\Users\ym\AppData\Local\Microsoft\WindowsApps;C:\Program Files\Microsoft VS Code\bin;D:\sf\nvm;D:\sf\nodejs;C:\Users\ym\AppData\Local\Yarn\bin;D:\sf\MicrosoftVSCode\bin

Yarn version: 
  1.5.1

Node version: 
  9.8.0

Platform: 
  win32 x64

npm manifest: 
  {
    "name": "server",
    "version": "1.0.0",
    "main": "index.js",
    "license": "MIT",
    "scripts": {
        "start": " node ./router/router.js"
    },
    "dependencies": {
      "fastify": "^1.1.1",
      "mysql": "^2.15.0"
    }
  }

yarn manifest: 
  No manifest

Lockfile: 
  # THIS IS AN AUTOGENERATED FILE. DO NOT EDIT THIS FILE DIRECTLY.
  # yarn lockfile v1
  
  
  "@types/events@*":
    version "1.2.0"
    resolved "https://registry.yarnpkg.com/@types/events/-/events-1.2.0.tgz#81a6731ce4df43619e5c8c945383b3e62a89ea86"
  
  "@types/node@*":
    version "9.4.7"
    resolved "https://registry.yarnpkg.com/@types/node/-/node-9.4.7.tgz#57d81cd98719df2c9de118f2d5f3b1120dcd7275"
  
  "@types/pino@^4.7.1":
    version "4.7.1"
    resolved "https://registry.yarnpkg.com/@types/pino/-/pino-4.7.1.tgz#8f818f8cde5c2052aef6c68a4560347f86256805"
    dependencies:
      "@types/events" "*"
      "@types/node" "*"
  
  abstract-logging@^1.0.0:
    version "1.0.0"
    resolved "https://registry.yarnpkg.com/abstract-logging/-/abstract-logging-1.0.0.tgz#8b7deafd310559bc28f77724dd1bb30177278c1b"
  
  ajv@^6.0.0, ajv@^6.2.0:
    version "6.2.1"
    resolved "https://registry.yarnpkg.com/ajv/-/ajv-6.2.1.tgz#28a6abc493a2abe0fb4c8507acaedb43fa550671"
    dependencies:
      fast-deep-equal "^1.0.0"
      fast-json-stable-stringify "^2.0.0"
      json-schema-traverse "^0.3.0"
  
  ansi-styles@^3.2.1:
    version "3.2.1"
    resolved "https://registry.yarnpkg.com/ansi-styles/-/ansi-styles-3.2.1.tgz#41fbb20243e50b12be0f04b8dedbf07520ce841d"
    dependencies:
      color-convert "^1.9.0"
  
  avvio@^5.4.0:
    version "5.4.1"
    resolved "https://registry.yarnpkg.com/avvio/-/avvio-5.4.1.tgz#4acf3d03e69aa176f90249c30fbe30261021b199"
    dependencies:
      debug "^3.1.0"
      fastq "^1.5.0"
  
  bignumber.js@4.0.4:
    version "4.0.4"
    resolved "https://registry.yarnpkg.com/bignumber.js/-/bignumber.js-4.0.4.tgz#7c40f5abcd2d6623ab7b99682ee7db81b11889a4"
  
  chalk@^2.3.0:
    version "2.3.2"
    resolved "https://registry.yarnpkg.com/chalk/-/chalk-2.3.2.tgz#250dc96b07491bfd601e648d66ddf5f60c7a5c65"
    dependencies:
      ansi-styles "^3.2.1"
      escape-string-regexp "^1.0.5"
      supports-color "^5.3.0"
  
  color-convert@^1.9.0:
    version "1.9.1"
    resolved "https://registry.yarnpkg.com/color-convert/-/color-convert-1.9.1.tgz#c1261107aeb2f294ebffec9ed9ecad529a6097ed"
    dependencies:
      color-name "^1.1.1"
  
  color-name@^1.1.1:
    version "1.1.3"
    resolved "https://registry.yarnpkg.com/color-name/-/color-name-1.1.3.tgz#a7d0558bd89c42f795dd42328f740831ca53bc25"
  
  core-util-is@~1.0.0:
    version "1.0.2"
    resolved "https://registry.yarnpkg.com/core-util-is/-/core-util-is-1.0.2.tgz#b5fd54220aa2bc5ab57aab7140c940754503c1a7"
  
  debug@^3.1.0:
    version "3.1.0"
    resolved "https://registry.yarnpkg.com/debug/-/debug-3.1.0.tgz#5bb5a0672628b64149566ba16819e61518c67261"
    dependencies:
      ms "2.0.0"
  
  end-of-stream@^1.1.0, end-of-stream@^1.4.1:
    version "1.4.1"
    resolved "https://registry.yarnpkg.com/end-of-stream/-/end-of-stream-1.4.1.tgz#ed29634d19baba463b6ce6b80a37213eab71ec43"
    dependencies:
      once "^1.4.0"
  
  escape-string-regexp@^1.0.5:
    version "1.0.5"
    resolved "https://registry.yarnpkg.com/escape-string-regexp/-/escape-string-regexp-1.0.5.tgz#1b61c0562190a8dff6ae3bb2cf0200ca130b86d4"
  
  fast-deep-equal@^1.0.0:
    version "1.1.0"
    resolved "https://registry.yarnpkg.com/fast-deep-equal/-/fast-deep-equal-1.1.0.tgz#c053477817c86b51daa853c81e059b733d023614"
  
  fast-json-parse@^1.0.3:
    version "1.0.3"
    resolved "https://registry.yarnpkg.com/fast-json-parse/-/fast-json-parse-1.0.3.tgz#43e5c61ee4efa9265633046b770fb682a7577c4d"
  
  fast-json-stable-stringify@^2.0.0:
    version "2.0.0"
    resolved "https://registry.yarnpkg.com/fast-json-stable-stringify/-/fast-json-stable-stringify-2.0.0.tgz#d5142c0caee6b1189f87d3a76111064f86c8bbf2"
  
  fast-json-stringify@^1.2.0:
    version "1.2.0"
    resolved "https://registry.yarnpkg.com/fast-json-stringify/-/fast-json-stringify-1.2.0.tgz#6f9a77ead0129ea20e18e24a893811dacd58f3ae"
    dependencies:
      ajv "^6.0.0"
  
  fast-safe-stringify@^1.0.8, fast-safe-stringify@^1.2.3:
    version "1.2.3"
    resolved "https://registry.yarnpkg.com/fast-safe-stringify/-/fast-safe-stringify-1.2.3.tgz#9fe22c37fb2f7f86f06b8f004377dbf8f1ee7bc1"
  
  fastify@^1.1.1:
    version "1.1.1"
    resolved "https://registry.yarnpkg.com/fastify/-/fastify-1.1.1.tgz#c7768bdc7bc069a1527690dfe8f81656e03d278f"
    dependencies:
      "@types/pino" "^4.7.1"
      abstract-logging "^1.0.0"
      ajv "^6.2.0"
      avvio "^5.4.0"
      end-of-stream "^1.4.1"
      fast-json-stringify "^1.2.0"
      find-my-way "^1.10.1"
      flatstr "^1.0.5"
      light-my-request "^2.0.1"
      middie "^3.1.0"
      pino "^4.13.0"
      tiny-lru "^1.5.0"
  
  fastq@^1.5.0:
    version "1.5.0"
    resolved "https://registry.yarnpkg.com/fastq/-/fastq-1.5.0.tgz#05e32ffb999ec2d945dda27461bf08941436448b"
    dependencies:
      reusify "^1.0.0"
  
  find-my-way@^1.10.1:
    version "1.10.3"
    resolved "https://registry.yarnpkg.com/find-my-way/-/find-my-way-1.10.3.tgz#e66338e56018bda8ba522a5ab9f3a0528d21aa80"
  
  flatstr@^1.0.5:
    version "1.0.5"
    resolved "https://registry.yarnpkg.com/flatstr/-/flatstr-1.0.5.tgz#5b451b08cbd48e2eac54a2bbe0bf46165aa14be3"
  
  has-flag@^3.0.0:
    version "3.0.0"
    resolved "https://registry.yarnpkg.com/has-flag/-/has-flag-3.0.0.tgz#b5d454dc2199ae225699f3467e5a07f3b955bafd"
  
  inherits@~2.0.3:
    version "2.0.3"
    resolved "https://registry.yarnpkg.com/inherits/-/inherits-2.0.3.tgz#633c2c83e3da42a502f52466022480f4208261de"
  
  isarray@~1.0.0:
    version "1.0.0"
    resolved "https://registry.yarnpkg.com/isarray/-/isarray-1.0.0.tgz#bb935d48582cba168c06834957a54a3e07124f11"
  
  json-schema-traverse@^0.3.0:
    version "0.3.1"
    resolved "https://registry.yarnpkg.com/json-schema-traverse/-/json-schema-traverse-0.3.1.tgz#349a6d44c53a51de89b40805c5d5e59b417d3340"
  
  light-my-request@^2.0.1:
    version "2.0.1"
    resolved "https://registry.yarnpkg.com/light-my-request/-/light-my-request-2.0.1.tgz#341c98af9c5d359c4615b3591607fa71ba13b2b3"
    dependencies:
      ajv "^6.0.0"
      readable-stream "^2.3.3"
      safe-buffer "^5.1.1"
  
  middie@^3.1.0:
    version "3.1.0"
    resolved "https://registry.yarnpkg.com/middie/-/middie-3.1.0.tgz#99986a166e827fd0b0c8fa55f5ee28e7b6c23d9f"
    dependencies:
      path-to-regexp "^2.0.0"
      reusify "^1.0.2"
  
  ms@2.0.0:
    version "2.0.0"
    resolved "https://registry.yarnpkg.com/ms/-/ms-2.0.0.tgz#5608aeadfc00be6c2901df5f9861788de0d597c8"
  
  mysql@^2.15.0:
    version "2.15.0"
    resolved "https://registry.yarnpkg.com/mysql/-/mysql-2.15.0.tgz#ea16841156343e8f2e47fc8985ec41cdd9573b5c"
    dependencies:
      bignumber.js "4.0.4"
      readable-stream "2.3.3"
      safe-buffer "5.1.1"
      sqlstring "2.3.0"
  
  once@^1.3.1, once@^1.4.0:
    version "1.4.0"
    resolved "https://registry.yarnpkg.com/once/-/once-1.4.0.tgz#583b1aa775961d4b113ac17d9c50baef9dd76bd1"
    dependencies:
      wrappy "1"
  
  path-to-regexp@^2.0.0:
    version "2.2.0"
    resolved "https://registry.yarnpkg.com/path-to-regexp/-/path-to-regexp-2.2.0.tgz#80f0ff45c1e0e641da74df313644eaf115050972"
  
  pino-std-serializers@^1.0.0:
    version "1.0.0"
    resolved "https://registry.yarnpkg.com/pino-std-serializers/-/pino-std-serializers-1.0.0.tgz#7607ab8c5b7c32bf7c4dada149da4ce3c14a3b75"
  
  pino@^4.13.0:
    version "4.13.0"
    resolved "https://registry.yarnpkg.com/pino/-/pino-4.13.0.tgz#2defbc3ef9868f27d59767d44164824867516114"
    dependencies:
      chalk "^2.3.0"
      fast-json-parse "^1.0.3"
      fast-safe-stringify "^1.2.3"
      flatstr "^1.0.5"
      pino-std-serializers "^1.0.0"
      pump "^2.0.1"
      quick-format-unescaped "^1.1.2"
      split2 "^2.2.0"
  
  process-nextick-args@~1.0.6:
    version "1.0.7"
    resolved "https://registry.yarnpkg.com/process-nextick-args/-/process-nextick-args-1.0.7.tgz#150e20b756590ad3f91093f25a4f2ad8bff30ba3"
  
  process-nextick-args@~2.0.0:
    version "2.0.0"
    resolved "https://registry.yarnpkg.com/process-nextick-args/-/process-nextick-args-2.0.0.tgz#a37d732f4271b4ab1ad070d35508e8290788ffaa"
  
  pump@^2.0.1:
    version "2.0.1"
    resolved "https://registry.yarnpkg.com/pump/-/pump-2.0.1.tgz#12399add6e4cf7526d973cbc8b5ce2e2908b3909"
    dependencies:
      end-of-stream "^1.1.0"
      once "^1.3.1"
  
  quick-format-unescaped@^1.1.2:
    version "1.1.2"
    resolved "https://registry.yarnpkg.com/quick-format-unescaped/-/quick-format-unescaped-1.1.2.tgz#0ca581de3174becef25ac3c2e8956342381db698"
    dependencies:
      fast-safe-stringify "^1.0.8"
  
  readable-stream@2.3.3:
    version "2.3.3"
    resolved "https://registry.yarnpkg.com/readable-stream/-/readable-stream-2.3.3.tgz#368f2512d79f9d46fdfc71349ae7878bbc1eb95c"
    dependencies:
      core-util-is "~1.0.0"
      inherits "~2.0.3"
      isarray "~1.0.0"
      process-nextick-args "~1.0.6"
      safe-buffer "~5.1.1"
      string_decoder "~1.0.3"
      util-deprecate "~1.0.1"
  
  readable-stream@^2.1.5, readable-stream@^2.3.3:
    version "2.3.5"
    resolved "https://registry.yarnpkg.com/readable-stream/-/readable-stream-2.3.5.tgz#b4f85003a938cbb6ecbce2a124fb1012bd1a838d"
    dependencies:
      core-util-is "~1.0.0"
      inherits "~2.0.3"
      isarray "~1.0.0"
      process-nextick-args "~2.0.0"
      safe-buffer "~5.1.1"
      string_decoder "~1.0.3"
      util-deprecate "~1.0.1"
  
  reusify@^1.0.0, reusify@^1.0.2:
    version "1.0.4"
    resolved "https://registry.yarnpkg.com/reusify/-/reusify-1.0.4.tgz#90da382b1e126efc02146e90845a88db12925d76"
  
  safe-buffer@5.1.1, safe-buffer@^5.1.1, safe-buffer@~5.1.0, safe-buffer@~5.1.1:
    version "5.1.1"
    resolved "https://registry.yarnpkg.com/safe-buffer/-/safe-buffer-5.1.1.tgz#893312af69b2123def71f57889001671eeb2c853"
  
  split2@^2.2.0:
    version "2.2.0"
    resolved "https://registry.yarnpkg.com/split2/-/split2-2.2.0.tgz#186b2575bcf83e85b7d18465756238ee4ee42493"
    dependencies:
      through2 "^2.0.2"
  
  sqlstring@2.3.0:
    version "2.3.0"
    resolved "https://registry.yarnpkg.com/sqlstring/-/sqlstring-2.3.0.tgz#525b8a4fd26d6f71aa61e822a6caf976d31ad2a8"
  
  string_decoder@~1.0.3:
    version "1.0.3"
    resolved "https://registry.yarnpkg.com/string_decoder/-/string_decoder-1.0.3.tgz#0fc67d7c141825de94282dd536bec6b9bce860ab"
    dependencies:
      safe-buffer "~5.1.0"
  
  supports-color@^5.3.0:
    version "5.3.0"
    resolved "https://registry.yarnpkg.com/supports-color/-/supports-color-5.3.0.tgz#5b24ac15db80fa927cf5227a4a33fd3c4c7676c0"
    dependencies:
      has-flag "^3.0.0"
  
  through2@^2.0.2:
    version "2.0.3"
    resolved "https://registry.yarnpkg.com/through2/-/through2-2.0.3.tgz#0004569b37c7c74ba39c43f3ced78d1ad94140be"
    dependencies:
      readable-stream "^2.1.5"
      xtend "~4.0.1"
  
  tiny-lru@^1.5.0:
    version "1.5.0"
    resolved "https://registry.yarnpkg.com/tiny-lru/-/tiny-lru-1.5.0.tgz#aa5fb1d22fcdd8aa1ff2d7b04c13357cfc997167"
  
  util-deprecate@~1.0.1:
    version "1.0.2"
    resolved "https://registry.yarnpkg.com/util-deprecate/-/util-deprecate-1.0.2.tgz#450d4dc9fa70de732762fbd2d4a28981419a0ccf"
  
  wrappy@1:
    version "1.0.2"
    resolved "https://registry.yarnpkg.com/wrappy/-/wrappy-1.0.2.tgz#b5243d8f3ec1aa35f1364605bc0d1036e30ab69f"
  
  xtend@~4.0.1:
    version "4.0.1"
    resolved "https://registry.yarnpkg.com/xtend/-/xtend-4.0.1.tgz#a5c6d532be656e23db820efb943a1f04998d63af"

Trace: 
  Error: Command failed.
  Exit code: 1
  Command: C:\WINDOWS\system32\cmd.exe
  Arguments: /d /s /c  node ./router/router.js
  Directory: D:\jupyter\car-management\server
  Output:
  
      at ProcessTermError.MessageError (D:\sf\yarn\lib\cli.js:186:110)
      at new ProcessTermError (D:\sf\yarn\lib\cli.js:226:113)
      at ChildProcess.<anonymous> (D:\sf\yarn\lib\cli.js:30281:17)
      at ChildProcess.emit (events.js:180:13)
      at maybeClose (internal/child_process.js:936:16)
      at Process.ChildProcess._handle.onexit (internal/child_process.js:220:5)
