Arguments: 
  D:\sf\nodejs\node.exe D:\sf\yarn\bin\yarn.js run start

PATH: 
  D:\sf\cmder\bin;D:\sf\cmder\vendor\conemu-maximus5\ConEmu\Scripts;D:\sf\cmder\vendor\conemu-maximus5;D:\sf\cmder\vendor\conemu-maximus5\ConEmu;C:\WINDOWS\system32;C:\WINDOWS;C:\WINDOWS\System32\Wbem;C:\WINDOWS\System32\WindowsPowerShell\v1.0\;D:\sf\nvm;D:\sf\nodejs;D:\sf\cmder;C:\Program Files\Git\cmd;D:\sf\yarn\bin\;D:\sf\python35\Scripts\;D:\sf\python35\;D:\sf\nvm;D:\sf\nodejs;D:\sf\DockerToolbox;D:\sf\MicrosoftVSCode\bin;C:\Users\ym\AppData\Local\Yarn\bin;C:\Users\ym\AppData\Local\Microsoft\WindowsApps;;C:\Program Files\Git\usr\bin;C:\Program Files\Git\usr\share\vim\vim74;D:\sf\cmder\

Yarn version: 
  1.5.1

Node version: 
  8.11.1

Platform: 
  win32 x64

npm manifest: 
  {
    "name": "api",
    "version": "1.0.0",
    "main": "index.js",
    "license": "MIT",
    "scripts": {
        "start-r": "node  ./start.js recognition",
        "start-r-test": "node --inspect-brk  ./start.js recognition"
    },
    "dependencies": {
      "openalpr_api": "^2.0.1"
    }
  }

yarn manifest: 
  No manifest

Lockfile: 
  # THIS IS AN AUTOGENERATED FILE. DO NOT EDIT THIS FILE DIRECTLY.
  # yarn lockfile v1
  
  
  async@~0.9.0:
    version "0.9.2"
    resolved "https://registry.yarnpkg.com/async/-/async-0.9.2.tgz#aea74d5e61c1f899613bf64bda66d4c78f2fd17d"
  
  combined-stream@~0.0.4:
    version "0.0.7"
    resolved "https://registry.yarnpkg.com/combined-stream/-/combined-stream-0.0.7.tgz#0137e657baa5a7541c57ac37ac5fc07d73b4dc1f"
    dependencies:
      delayed-stream "0.0.5"
  
  component-emitter@~1.2.0:
    version "1.2.1"
    resolved "https://registry.yarnpkg.com/component-emitter/-/component-emitter-1.2.1.tgz#137918d6d78283f7df7a6b7c5a63e140e69425e6"
  
  cookiejar@2.0.6:
    version "2.0.6"
    resolved "https://registry.yarnpkg.com/cookiejar/-/cookiejar-2.0.6.tgz#0abf356ad00d1c5a219d88d44518046dd026acfe"
  
  core-util-is@~1.0.0:
    version "1.0.2"
    resolved "https://registry.yarnpkg.com/core-util-is/-/core-util-is-1.0.2.tgz#b5fd54220aa2bc5ab57aab7140c940754503c1a7"
  
  debug@2:
    version "2.6.9"
    resolved "https://registry.yarnpkg.com/debug/-/debug-2.6.9.tgz#5d128515df134ff327e90a4c93f4e077a536341f"
    dependencies:
      ms "2.0.0"
  
  delayed-stream@0.0.5:
    version "0.0.5"
    resolved "https://registry.yarnpkg.com/delayed-stream/-/delayed-stream-0.0.5.tgz#d4b1f43a93e8296dfe02694f4680bc37a313c73f"
  
  extend@1.2.1:
    version "1.2.1"
    resolved "https://registry.yarnpkg.com/extend/-/extend-1.2.1.tgz#a0f5fd6cfc83a5fe49ef698d60ec8a624dd4576c"
  
  form-data@0.2.0:
    version "0.2.0"
    resolved "https://registry.yarnpkg.com/form-data/-/form-data-0.2.0.tgz#26f8bc26da6440e299cbdcfb69035c4f77a6e466"
    dependencies:
      async "~0.9.0"
      combined-stream "~0.0.4"
      mime-types "~2.0.3"
  
  formidable@~1.0.14:
    version "1.0.17"
    resolved "https://registry.yarnpkg.com/formidable/-/formidable-1.0.17.tgz#ef5491490f9433b705faa77249c99029ae348559"
  
  inherits@~2.0.1:
    version "2.0.3"
    resolved "https://registry.yarnpkg.com/inherits/-/inherits-2.0.3.tgz#633c2c83e3da42a502f52466022480f4208261de"
  
  isarray@0.0.1:
    version "0.0.1"
    resolved "https://registry.yarnpkg.com/isarray/-/isarray-0.0.1.tgz#8a18acfca9a8f4177e09abfc6038939b05d1eedf"
  
  methods@~1.1.1:
    version "1.1.2"
    resolved "https://registry.yarnpkg.com/methods/-/methods-1.1.2.tgz#5529a4d67654134edcc5266656835b0f851afcee"
  
  mime-db@~1.12.0:
    version "1.12.0"
    resolved "https://registry.yarnpkg.com/mime-db/-/mime-db-1.12.0.tgz#3d0c63180f458eb10d325aaa37d7c58ae312e9d7"
  
  mime-types@~2.0.3:
    version "2.0.14"
    resolved "https://registry.yarnpkg.com/mime-types/-/mime-types-2.0.14.tgz#310e159db23e077f8bb22b748dabfa4957140aa6"
    dependencies:
      mime-db "~1.12.0"
  
  mime@1.3.4:
    version "1.3.4"
    resolved "https://registry.yarnpkg.com/mime/-/mime-1.3.4.tgz#115f9e3b6b3daf2959983cb38f149a2d40eb5d53"
  
  ms@2.0.0:
    version "2.0.0"
    resolved "https://registry.yarnpkg.com/ms/-/ms-2.0.0.tgz#5608aeadfc00be6c2901df5f9861788de0d597c8"
  
  openalpr_api@^2.0.1:
    version "2.0.1"
    resolved "https://registry.yarnpkg.com/openalpr_api/-/openalpr_api-2.0.1.tgz#c0cbe193e24b14ef620d65fee7a2dfffa94cd387"
    dependencies:
      superagent "1.7.1"
  
  qs@2.3.3:
    version "2.3.3"
    resolved "https://registry.yarnpkg.com/qs/-/qs-2.3.3.tgz#e9e85adbe75da0bbe4c8e0476a086290f863b404"
  
  readable-stream@1.0.27-1:
    version "1.0.27-1"
    resolved "https://registry.yarnpkg.com/readable-stream/-/readable-stream-1.0.27-1.tgz#6b67983c20357cefd07f0165001a16d710d91078"
    dependencies:
      core-util-is "~1.0.0"
      inherits "~2.0.1"
      isarray "0.0.1"
      string_decoder "~0.10.x"
  
  reduce-component@1.0.1:
    version "1.0.1"
    resolved "https://registry.yarnpkg.com/reduce-component/-/reduce-component-1.0.1.tgz#e0c93542c574521bea13df0f9488ed82ab77c5da"
  
  string_decoder@~0.10.x:
    version "0.10.31"
    resolved "https://registry.yarnpkg.com/string_decoder/-/string_decoder-0.10.31.tgz#62e203bc41766c6c28c9fc84301dab1c5310fa94"
  
  superagent@1.7.1:
    version "1.7.1"
    resolved "https://registry.yarnpkg.com/superagent/-/superagent-1.7.1.tgz#bc2ed6629055e6f18557ceaa2cb2a07d9e16d327"
    dependencies:
      component-emitter "~1.2.0"
      cookiejar "2.0.6"
      debug "2"
      extend "1.2.1"
      form-data "0.2.0"
      formidable "~1.0.14"
      methods "~1.1.1"
      mime "1.3.4"
      qs "2.3.3"
      readable-stream "1.0.27-1"
      reduce-component "1.0.1"

Trace: 
  Error: Command "start" not found.
      at new MessageError (D:\sf\yarn\lib\cli.js:186:110)
      at D:\sf\yarn\lib\cli.js:87307:17
      at Generator.next (<anonymous>)
      at step (D:\sf\yarn\lib\cli.js:98:30)
      at D:\sf\yarn\lib\cli.js:116:14
      at new Promise (<anonymous>)
      at new F (D:\sf\yarn\lib\cli.js:23451:28)
      at D:\sf\yarn\lib\cli.js:95:12
      at runCommand (D:\sf\yarn\lib\cli.js:87312:22)
      at Object.<anonymous> (D:\sf\yarn\lib\cli.js:87412:14)
